#
# A fatal error has been detected by the Java Runtime Environment:
#
#  EXCEPTION_ACCESS_VIOLATION (0xc0000005) at pc=0x000000006658a3c5, pid=12336, tid=10108
#
# JRE version: Java(TM) SE Runtime Environment (8.0_25-b18) (build 1.8.0_25-b18)
# Java VM: Java HotSpot(TM) 64-Bit Server VM (25.25-b02 mixed mode windows-amd64 compressed oops)
# Problematic frame:
# V  [jvm.dll+0x11a3c5]
#
# Failed to write core dump. Minidumps are not enabled by default on client versions of Windows
#
# If you would like to submit a bug report, please visit:
#   http://bugreport.sun.com/bugreport/crash.jsp
#

---------------  T H R E A D  ---------------

Current thread (0x0000000017125000):  JavaThread "JDWP Transport Listener: dt_socket" daemon [_thread_in_vm, id=10108, stack(0x00000000189b0000,0x0000000018ab0000)]

siginfo: ExceptionCode=0xc0000005, reading address 0xffffffffffffffff

Registers:
RAX=0x0000000018aaf601, RBX=0x0000000017125000, RCX=0x003b726f736e003b, RDX=0x0000000000000000
RSP=0x0000000018aaf620, RBP=0x003b726f736e003b, RSI=0x0000000018aaf738, RDI=0x00000000023bd0d0
R8 =0x0000000017125000, R9 =0x0000000000008000, R10=0x0000000000000000, R11=0x0000000018aaf8ce
R12=0x0000000000000000, R13=0x00000000171346d8, R14=0x0000000000000000, R15=0x0000000000000000
RIP=0x000000006658a3c5, EFLAGS=0x0000000000010202

Top of Stack: (sp=0x0000000018aaf620)
0x0000000018aaf620:   0000000017125000 0000000017125000
0x0000000018aaf630:   0000000018aaf6e8 00000000667878db
0x0000000018aaf640:   0000000017125000 00000000667a413d
0x0000000018aaf650:   0000000000000000 00000000644f9149
0x0000000018aaf660:   000000001aa02378 0000000064502912
0x0000000018aaf670:   0000000017125000 0000000000000000
0x0000000018aaf680:   0000000000000000 0000000000000000
0x0000000018aaf690:   003b726f736e003b 0000000064501a09
0x0000000018aaf6a0:   0000000018aaf738 0000000018aaf710
0x0000000018aaf6b0:   0000000000000001 000000001aa02378
0x0000000018aaf6c0:   003b726f736e003b 00000000644e53b3
0x0000000018aaf6d0:   0000000018aaf800 0000000000000001
0x0000000018aaf6e0:   0000000000000001 000000001aa02378
0x0000000018aaf6f0:   0000000000000001 0000000000000000
0x0000000018aaf700:   0000000000000000 0000000000000000
0x0000000018aaf710:   0000000000000001 00000000644e5571 

Instructions: (pc=0x000000006658a3c5)
0x000000006658a3a5:   cc cc cc cc cc cc cc cc cc cc cc 48 83 ec 28 48
0x000000006658a3b5:   85 c9 75 07 33 c0 48 83 c4 28 c3 48 89 5c 24 20
0x000000006658a3c5:   48 8b 19 48 85 db 74 20 48 83 fb 37 74 1a 48 8b
0x000000006658a3d5:   13 48 8b cb ff 52 10 84 c0 74 0d 48 8b c3 48 8b 


Register to memory mapping:

RAX=0x0000000018aaf601 is pointing into the stack for thread: 0x0000000017125000
RBX=0x0000000017125000 is a thread
RCX=0x003b726f736e003b is an unknown value
RDX=0x0000000000000000 is an unknown value
RSP=0x0000000018aaf620 is pointing into the stack for thread: 0x0000000017125000
RBP=0x003b726f736e003b is an unknown value
RSI=0x0000000018aaf738 is pointing into the stack for thread: 0x0000000017125000
RDI=0x00000000023bd0d0 is an unknown value
R8 =0x0000000017125000 is a thread
R9 =0x0000000000008000 is an unknown value
R10=0x0000000000000000 is an unknown value
R11=0x0000000018aaf8ce is pointing into the stack for thread: 0x0000000017125000
R12=0x0000000000000000 is an unknown value
R13=0x00000000171346d8 is an unknown value
R14=0x0000000000000000 is an unknown value
R15=0x0000000000000000 is an unknown value


Stack: [0x00000000189b0000,0x0000000018ab0000],  sp=0x0000000018aaf620,  free space=1021k
Native frames: (J=compiled Java code, j=interpreted, Vv=VM code, C=native code)
V  [jvm.dll+0x11a3c5]
V  [jvm.dll+0x33413d]
C  [jdwp.dll+0x21a09]
C  [jdwp.dll+0x53b3]
C  [jdwp.dll+0x5571]
C  [jdwp.dll+0xf09c]
C  [jdwp.dll+0x1f2c9]
C  [jdwp.dll+0x1f49e]
V  [jvm.dll+0x1abba8]
V  [jvm.dll+0x22bde4]
V  [jvm.dll+0x2852fa]
C  [msvcr100.dll+0x21d9f]
C  [msvcr100.dll+0x21e3b]
C  [KERNEL32.DLL+0x8364]
C  [ntdll.dll+0x670d1]


---------------  P R O C E S S  ---------------

Java Threads: ( => current thread )
  0x000000001b020800 JavaThread "ForkJoinPool.commonPool-worker-3" daemon [_thread_blocked, id=6468, stack(0x000000001e8b0000,0x000000001e9b0000)]
  0x000000001b020000 JavaThread "ActiveMQ InactivityMonitor Worker" daemon [_thread_blocked, id=7912, stack(0x000000001d2b0000,0x000000001d3b0000)]
  0x000000001b023000 JavaThread "DestroyJavaVM" [_thread_blocked, id=2828, stack(0x00000000023c0000,0x00000000024c0000)]
  0x000000001b01e800 JavaThread "ActiveMQ InactivityMonitor WriteCheckTimer" daemon [_thread_blocked, id=10972, stack(0x000000001ceb0000,0x000000001cfb0000)]
  0x000000001b01d800 JavaThread "Camel (camel-1) thread #1 - JmsConsumer[IN]" daemon [_thread_blocked, id=740, stack(0x000000001cdb0000,0x000000001ceb0000)]
  0x000000001afcb800 JavaThread "ActiveMQ Transport: tcp://localhost/127.0.0.1:61616@55575" [_thread_in_native, id=6044, stack(0x000000001ccb0000,0x000000001cdb0000)]
  0x000000001afba000 JavaThread "ActiveMQ InactivityMonitor ReadCheckTimer" daemon [_thread_blocked, id=7284, stack(0x000000001cab0000,0x000000001cbb0000)]
  0x000000001adc7000 JavaThread "Live Reload Server" daemon [_thread_in_native, id=4060, stack(0x000000001c3b0000,0x000000001c4b0000)]
  0x000000001ae3c000 JavaThread "File Watcher" daemon [_thread_blocked, id=11444, stack(0x000000001c1b0000,0x000000001c2b0000)]
  0x000000001955e800 JavaThread "RMI TCP Accept-0" daemon [_thread_in_native, id=5604, stack(0x0000000019eb0000,0x0000000019fb0000)]
  0x0000000019553000 JavaThread "RMI TCP Accept-55568" daemon [_thread_in_native, id=7048, stack(0x0000000019db0000,0x0000000019eb0000)]
  0x0000000019544800 JavaThread "RMI TCP Accept-0" daemon [_thread_in_native, id=1836, stack(0x0000000019cb0000,0x0000000019db0000)]
  0x0000000018ff2800 JavaThread "Service Thread" daemon [_thread_blocked, id=9700, stack(0x00000000193b0000,0x00000000194b0000)]
  0x000000001714f000 JavaThread "C1 CompilerThread2" daemon [_thread_blocked, id=10600, stack(0x0000000018eb0000,0x0000000018fb0000)]
  0x000000001714d800 JavaThread "C2 CompilerThread1" daemon [_thread_blocked, id=9420, stack(0x0000000018db0000,0x0000000018eb0000)]
  0x0000000017147800 JavaThread "C2 CompilerThread0" daemon [_thread_blocked, id=8200, stack(0x0000000018cb0000,0x0000000018db0000)]
  0x000000001713a800 JavaThread "JDWP Command Reader" daemon [_thread_in_native, id=11552, stack(0x0000000018bb0000,0x0000000018cb0000)]
  0x0000000017137000 JavaThread "JDWP Event Helper Thread" daemon [_thread_blocked, id=10196, stack(0x0000000018ab0000,0x0000000018bb0000)]
=>0x0000000017125000 JavaThread "JDWP Transport Listener: dt_socket" daemon [_thread_in_vm, id=10108, stack(0x00000000189b0000,0x0000000018ab0000)]
  0x000000001711f800 JavaThread "Attach Listener" daemon [_thread_blocked, id=11768, stack(0x0000000018570000,0x0000000018670000)]
  0x000000001711e000 JavaThread "Signal Dispatcher" daemon [_thread_blocked, id=7096, stack(0x0000000018470000,0x0000000018570000)]
  0x00000000025b8800 JavaThread "Finalizer" daemon [_thread_blocked, id=9528, stack(0x0000000018370000,0x0000000018470000)]
  0x00000000025af800 JavaThread "Reference Handler" daemon [_thread_blocked, id=9904, stack(0x0000000018270000,0x0000000018370000)]

Other Threads:
  0x00000000170e5800 VMThread [stack: 0x0000000018170000,0x0000000018270000] [id=12260]
  0x0000000019566000 WatcherThread [stack: 0x0000000019fb0000,0x000000001a0b0000] [id=7384]

VM state:not at safepoint (normal execution)

VM Mutex/Monitor currently owned by a thread: None

Heap:
 PSYoungGen      total 205312K, used 31643K [0x00000000d5d00000, 0x00000000e7280000, 0x0000000100000000)
  eden space 194560K, 10% used [0x00000000d5d00000,0x00000000d71d1cc0,0x00000000e1b00000)
  from space 10752K, 96% used [0x00000000e6800000,0x00000000e7215328,0x00000000e7280000)
  to   space 12288K, 0% used [0x00000000e5a80000,0x00000000e5a80000,0x00000000e6680000)
 ParOldGen       total 66048K, used 13909K [0x0000000081600000, 0x0000000085680000, 0x00000000d5d00000)
  object space 66048K, 21% used [0x0000000081600000,0x00000000823955b8,0x0000000085680000)
 Metaspace       used 28517K, capacity 28890K, committed 29184K, reserved 1075200K
  class space    used 3904K, capacity 3999K, committed 4096K, reserved 1048576K

Card table byte_map: [0x0000000011980000,0x0000000011d80000] byte_map_base: 0x0000000011575000

Marking Bits: (ParMarkBitMap*) 0x0000000066c4d490
 Begin Bits: [0x0000000012430000, 0x00000000143d8000)
 End Bits:   [0x00000000143d8000, 0x0000000016380000)

Polling page: 0x0000000000aa0000

CodeCache: size=245760Kb used=6429Kb max_used=6503Kb free=239330Kb
 bounds [0x00000000025c0000, 0x0000000002c20000, 0x00000000115c0000]
 total_blobs=3304 nmethods=2902 adapters=323
 compilation: enabled

Compilation events (10 events):
Event: 83.591 Thread 0x000000001714f000 2926       1       java.util.concurrent.SynchronousQueue$TransferStack::shouldSpin (30 bytes)
Event: 83.592 Thread 0x000000001714f000 nmethod 2926 0x000000000286a4d0 code [0x000000000286a620, 0x000000000286a770]
Event: 93.590 Thread 0x000000001714f000 2927       1       java.util.concurrent.locks.ReentrantReadWriteLock::writeLock (5 bytes)
Event: 93.591 Thread 0x000000001714f000 nmethod 2927 0x0000000002736d90 code [0x0000000002736ee0, 0x0000000002736ff0]
Event: 130.256 Thread 0x000000001714f000 2928       1       java.util.HashMap$KeySet::contains (9 bytes)
Event: 130.257 Thread 0x000000001714f000 nmethod 2928 0x0000000002758090 code [0x00000000027581e0, 0x0000000002758328]
Event: 132.283 Thread 0x000000001714f000 2930       1       org.springframework.boot.devtools.filewatch.FileSystemWatcher$Watcher::isDifferent (105 bytes)
Event: 132.285 Thread 0x000000001714f000 nmethod 2930 0x000000000281a610 code [0x000000000281a820, 0x000000000281ac48]
Event: 132.285 Thread 0x000000001714f000 2931       1       org.springframework.boot.devtools.filewatch.FolderSnapshot::equals (46 bytes)
Event: 132.286 Thread 0x000000001714f000 nmethod 2931 0x000000000277ffd0 code [0x0000000002780160, 0x0000000002780438]

GC Heap History (10 events):
Event: 2.040 GC heap before
{Heap before GC invocations=5 (full 0):
 PSYoungGen      total 71680K, used 71679K [0x00000000d5d00000, 0x00000000da800000, 0x0000000100000000)
  eden space 66560K, 100% used [0x00000000d5d00000,0x00000000d9e00000,0x00000000d9e00000)
  from space 5120K, 99% used [0x00000000da300000,0x00000000da7fff58,0x00000000da800000)
  to   space 5120K, 0% used [0x00000000d9e00000,0x00000000d9e00000,0x00000000da300000)
 ParOldGen       total 87552K, used 3193K [0x0000000081600000, 0x0000000086b80000, 0x00000000d5d00000)
  object space 87552K, 3% used [0x0000000081600000,0x000000008191e438,0x0000000086b80000)
 Metaspace       used 17876K, capacity 18102K, committed 18304K, reserved 1064960K
  class space    used 2356K, capacity 2415K, committed 2432K, reserved 1048576K
Event: 2.047 GC heap after
Heap after GC invocations=5 (full 0):
 PSYoungGen      total 71680K, used 5119K [0x00000000d5d00000, 0x00000000df200000, 0x0000000100000000)
  eden space 66560K, 0% used [0x00000000d5d00000,0x00000000d5d00000,0x00000000d9e00000)
  from space 5120K, 99% used [0x00000000d9e00000,0x00000000da2fff58,0x00000000da300000)
  to   space 9728K, 0% used [0x00000000de880000,0x00000000de880000,0x00000000df200000)
 ParOldGen       total 87552K, used 7643K [0x0000000081600000, 0x0000000086b80000, 0x00000000d5d00000)
  object space 87552K, 8% used [0x0000000081600000,0x0000000081d76d68,0x0000000086b80000)
 Metaspace       used 17876K, capacity 18102K, committed 18304K, reserved 1064960K
  class space    used 2356K, capacity 2415K, committed 2432K, reserved 1048576K
}
Event: 2.482 GC heap before
{Heap before GC invocations=6 (full 0):
 PSYoungGen      total 71680K, used 71679K [0x00000000d5d00000, 0x00000000df200000, 0x0000000100000000)
  eden space 66560K, 100% used [0x00000000d5d00000,0x00000000d9e00000,0x00000000d9e00000)
  from space 5120K, 99% used [0x00000000d9e00000,0x00000000da2fff58,0x00000000da300000)
  to   space 9728K, 0% used [0x00000000de880000,0x00000000de880000,0x00000000df200000)
 ParOldGen       total 87552K, used 7643K [0x0000000081600000, 0x0000000086b80000, 0x00000000d5d00000)
  object space 87552K, 8% used [0x0000000081600000,0x0000000081d76d68,0x0000000086b80000)
 Metaspace       used 20640K, capacity 20992K, committed 21120K, reserved 1067008K
  class space    used 2764K, capacity 2828K, committed 2944K, reserved 1048576K
Event: 2.491 GC heap after
Heap after GC invocations=6 (full 0):
 PSYoungGen      total 140800K, used 9719K [0x00000000d5d00000, 0x00000000df600000, 0x0000000100000000)
  eden space 131072K, 0% used [0x00000000d5d00000,0x00000000d5d00000,0x00000000ddd00000)
  from space 9728K, 99% used [0x00000000de880000,0x00000000df1fdf38,0x00000000df200000)
  to   space 11776K, 0% used [0x00000000ddd00000,0x00000000ddd00000,0x00000000de880000)
 ParOldGen       total 87552K, used 8751K [0x0000000081600000, 0x0000000086b80000, 0x00000000d5d00000)
  object space 87552K, 9% used [0x0000000081600000,0x0000000081e8bc70,0x0000000086b80000)
 Metaspace       used 20640K, capacity 20992K, committed 21120K, reserved 1067008K
  class space    used 2764K, capacity 2828K, committed 2944K, reserved 1048576K
}
Event: 2.637 GC heap before
{Heap before GC invocations=7 (full 0):
 PSYoungGen      total 140800K, used 31433K [0x00000000d5d00000, 0x00000000df600000, 0x0000000100000000)
  eden space 131072K, 16% used [0x00000000d5d00000,0x00000000d7234540,0x00000000ddd00000)
  from space 9728K, 99% used [0x00000000de880000,0x00000000df1fdf38,0x00000000df200000)
  to   space 11776K, 0% used [0x00000000ddd00000,0x00000000ddd00000,0x00000000de880000)
 ParOldGen       total 87552K, used 8751K [0x0000000081600000, 0x0000000086b80000, 0x00000000d5d00000)
  object space 87552K, 9% used [0x0000000081600000,0x0000000081e8bc70,0x0000000086b80000)
 Metaspace       used 20825K, capacity 21168K, committed 21296K, reserved 1067008K
  class space    used 2793K, capacity 2864K, committed 2944K, reserved 1048576K
Event: 2.645 GC heap after
Heap after GC invocations=7 (full 0):
 PSYoungGen      total 142848K, used 7615K [0x00000000d5d00000, 0x00000000e7300000, 0x0000000100000000)
  eden space 131072K, 0% used [0x00000000d5d00000,0x00000000d5d00000,0x00000000ddd00000)
  from space 11776K, 64% used [0x00000000ddd00000,0x00000000de46ff38,0x00000000de880000)
  to   space 11264K, 0% used [0x00000000e6800000,0x00000000e6800000,0x00000000e7300000)
 ParOldGen       total 87552K, used 10817K [0x0000000081600000, 0x0000000086b80000, 0x00000000d5d00000)
  object space 87552K, 12% used [0x0000000081600000,0x0000000082090430,0x0000000086b80000)
 Metaspace       used 20825K, capacity 21168K, committed 21296K, reserved 1067008K
  class space    used 2793K, capacity 2864K, committed 2944K, reserved 1048576K
}
Event: 2.645 GC heap before
{Heap before GC invocations=8 (full 1):
 PSYoungGen      total 142848K, used 7615K [0x00000000d5d00000, 0x00000000e7300000, 0x0000000100000000)
  eden space 131072K, 0% used [0x00000000d5d00000,0x00000000d5d00000,0x00000000ddd00000)
  from space 11776K, 64% used [0x00000000ddd00000,0x00000000de46ff38,0x00000000de880000)
  to   space 11264K, 0% used [0x00000000e6800000,0x00000000e6800000,0x00000000e7300000)
 ParOldGen       total 87552K, used 10817K [0x0000000081600000, 0x0000000086b80000, 0x00000000d5d00000)
  object space 87552K, 12% used [0x0000000081600000,0x0000000082090430,0x0000000086b80000)
 Metaspace       used 20825K, capacity 21168K, committed 21296K, reserved 1067008K
  class space    used 2793K, capacity 2864K, committed 2944K, reserved 1048576K
Event: 2.693 GC heap after
Heap after GC invocations=8 (full 1):
 PSYoungGen      total 142848K, used 0K [0x00000000d5d00000, 0x00000000e7300000, 0x0000000100000000)
  eden space 131072K, 0% used [0x00000000d5d00000,0x00000000d5d00000,0x00000000ddd00000)
  from space 11776K, 0% used [0x00000000ddd00000,0x00000000ddd00000,0x00000000de880000)
  to   space 11264K, 0% used [0x00000000e6800000,0x00000000e6800000,0x00000000e7300000)
 ParOldGen       total 66048K, used 13901K [0x0000000081600000, 0x0000000085680000, 0x00000000d5d00000)
  object space 66048K, 21% used [0x0000000081600000,0x00000000823935b8,0x0000000085680000)
 Metaspace       used 20823K, capacity 21166K, committed 21296K, reserved 1067008K
  class space    used 2792K, capacity 2863K, committed 2944K, reserved 1048576K
}
Event: 54.143 GC heap before
{Heap before GC invocations=9 (full 1):
 PSYoungGen      total 142848K, used 131072K [0x00000000d5d00000, 0x00000000e7300000, 0x0000000100000000)
  eden space 131072K, 100% used [0x00000000d5d00000,0x00000000ddd00000,0x00000000ddd00000)
  from space 11776K, 0% used [0x00000000ddd00000,0x00000000ddd00000,0x00000000de880000)
  to   space 11264K, 0% used [0x00000000e6800000,0x00000000e6800000,0x00000000e7300000)
 ParOldGen       total 66048K, used 13901K [0x0000000081600000, 0x0000000085680000, 0x00000000d5d00000)
  object space 66048K, 21% used [0x0000000081600000,0x00000000823935b8,0x0000000085680000)
 Metaspace       used 27781K, capacity 28186K, committed 28288K, reserved 1073152K
  class space    used 3825K, capacity 3935K, committed 3968K, reserved 1048576K
Event: 54.154 GC heap after
Heap after GC invocations=9 (full 1):
 PSYoungGen      total 205312K, used 10324K [0x00000000d5d00000, 0x00000000e7280000, 0x0000000100000000)
  eden space 194560K, 0% used [0x00000000d5d00000,0x00000000d5d00000,0x00000000e1b00000)
  from space 10752K, 96% used [0x00000000e6800000,0x00000000e7215328,0x00000000e7280000)
  to   space 12288K, 0% used [0x00000000e5a80000,0x00000000e5a80000,0x00000000e6680000)
 ParOldGen       total 66048K, used 13909K [0x0000000081600000, 0x0000000085680000, 0x00000000d5d00000)
  object space 66048K, 21% used [0x0000000081600000,0x00000000823955b8,0x0000000085680000)
 Metaspace       used 27781K, capacity 28186K, committed 28288K, reserved 1073152K
  class space    used 3825K, capacity 3935K, committed 3968K, reserved 1048576K
}

Deoptimization events (0 events):
No events

Internal exceptions (10 events):
Event: 54.192 Thread 0x000000001b01d800 Exception <a 'java/lang/NoClassDefFoundError': org/jvnet/staxex/XMLStreamReaderEx> (0x00000000d5e5a470) thrown at [D:\re\workspace\8-2-build-windows-amd64-cygwin\jdk8u25\1677\hotspot\src\share\vm\classfile\systemDictionary.cpp, line 191]
Event: 54.192 Thread 0x000000001b01d800 Exception <a 'java/security/PrivilegedActionException'> (0x00000000d5e5ae38) thrown at [D:\re\workspace\8-2-build-windows-amd64-cygwin\jdk8u25\1677\hotspot\src\share\vm\prims\jvm.cpp, line 1312]
Event: 54.192 Thread 0x000000001b01d800 Exception <a 'java/security/PrivilegedActionException'> (0x00000000d5e645d0) thrown at [D:\re\workspace\8-2-build-windows-amd64-cygwin\jdk8u25\1677\hotspot\src\share\vm\prims\jvm.cpp, line 1312]
Event: 54.193 Thread 0x000000001b01d800 Exception <a 'java/security/PrivilegedActionException'> (0x00000000d5e6dd70) thrown at [D:\re\workspace\8-2-build-windows-amd64-cygwin\jdk8u25\1677\hotspot\src\share\vm\prims\jvm.cpp, line 1312]
Event: 54.193 Thread 0x000000001b01d800 Exception <a 'java/security/PrivilegedActionException'> (0x00000000d5e75b70) thrown at [D:\re\workspace\8-2-build-windows-amd64-cygwin\jdk8u25\1677\hotspot\src\share\vm\prims\jvm.cpp, line 1312]
Event: 54.193 Thread 0x000000001b01d800 Exception <a 'java/security/PrivilegedActionException'> (0x00000000d5e7d000) thrown at [D:\re\workspace\8-2-build-windows-amd64-cygwin\jdk8u25\1677\hotspot\src\share\vm\prims\jvm.cpp, line 1312]
Event: 54.194 Thread 0x000000001b01d800 Exception <a 'java/security/PrivilegedActionException'> (0x00000000d5e86ae0) thrown at [D:\re\workspace\8-2-build-windows-amd64-cygwin\jdk8u25\1677\hotspot\src\share\vm\prims\jvm.cpp, line 1312]
Event: 54.197 Thread 0x000000001b01d800 Exception <a 'java/security/PrivilegedActionException'> (0x00000000d5e92288) thrown at [D:\re\workspace\8-2-build-windows-amd64-cygwin\jdk8u25\1677\hotspot\src\share\vm\prims\jvm.cpp, line 1312]
Event: 54.198 Thread 0x000000001b01d800 Exception <a 'java/security/PrivilegedActionException'> (0x00000000d5ea7948) thrown at [D:\re\workspace\8-2-build-windows-amd64-cygwin\jdk8u25\1677\hotspot\src\share\vm\prims\jvm.cpp, line 1312]
Event: 65.705 Thread 0x000000001b01d800 Exception <a 'java/security/PrivilegedActionException'> (0x00000000d5eb0bd8) thrown at [D:\re\workspace\8-2-build-windows-amd64-cygwin\jdk8u25\1677\hotspot\src\share\vm\prims\jvm.cpp, line 1312]

Events (10 events):
Event: 136.861 Executing VM operation: GetCurrentLocation
Event: 136.861 Executing VM operation: GetCurrentLocation done
Event: 136.861 Executing VM operation: EnterInterpOnlyMode
Event: 136.861 Executing VM operation: EnterInterpOnlyMode done
Event: 136.861 Executing VM operation: ChangeSingleStep
Event: 136.861 Executing VM operation: ChangeSingleStep done
Event: 136.861 Executing VM operation: ChangeSingleStep
Event: 136.861 Executing VM operation: ChangeSingleStep done
Event: 136.867 Executing VM operation: RedefineClasses
Event: 136.880 Executing VM operation: RedefineClasses done


Dynamic libraries:
0x00007ff77f610000 - 0x00007ff77f644000 	C:\Program Files\Java\jdk1.8.0_25\bin\javaw.exe
0x00007ff9ace60000 - 0x00007ff9ad031000 	C:\Windows\SYSTEM32\ntdll.dll
0x00007ff9aca80000 - 0x00007ff9acb2c000 	C:\Windows\System32\KERNEL32.DLL
0x00007ff9a9b50000 - 0x00007ff9a9d6d000 	C:\Windows\System32\KERNELBASE.dll
0x0000000068070000 - 0x00000000680fe000 	C:\Windows\System32\SYSFER.DLL
0x00007ff9accf0000 - 0x00007ff9acd92000 	C:\Windows\System32\ADVAPI32.dll
0x00007ff9ac910000 - 0x00007ff9ac9ae000 	C:\Windows\System32\msvcrt.dll
0x00007ff9aa590000 - 0x00007ff9aa5e9000 	C:\Windows\System32\sechost.dll
0x00007ff9aa7f0000 - 0x00007ff9aa911000 	C:\Windows\System32\RPCRT4.dll
0x00007ff9aa3f0000 - 0x00007ff9aa555000 	C:\Windows\System32\USER32.dll
0x00007ff9a9350000 - 0x00007ff9a936e000 	C:\Windows\System32\win32u.dll
0x00007ff9aa650000 - 0x00007ff9aa684000 	C:\Windows\System32\GDI32.dll
0x00007ff9aa260000 - 0x00007ff9aa3e2000 	C:\Windows\System32\gdi32full.dll
0x00007ff99f4f0000 - 0x00007ff99f76a000 	C:\Windows\WinSxS\amd64_microsoft.windows.common-controls_6595b64144ccf1df_6.0.14393.953_none_42151e83c686086b\COMCTL32.dll
0x00007ff9ac640000 - 0x00007ff9ac908000 	C:\Windows\System32\combase.dll
0x00007ff9a9370000 - 0x00007ff9a9465000 	C:\Windows\System32\ucrtbase.dll
0x00007ff9aa0a0000 - 0x00007ff9aa10a000 	C:\Windows\System32\bcryptPrimitives.dll
0x00007ff9ac9b0000 - 0x00007ff9ac9de000 	C:\Windows\System32\IMM32.DLL
0x0000000065590000 - 0x0000000065662000 	C:\Program Files\Java\jdk1.8.0_25\jre\bin\msvcr100.dll
0x0000000066470000 - 0x0000000066cca000 	C:\Program Files\Java\jdk1.8.0_25\jre\bin\server\jvm.dll
0x00007ff9aa580000 - 0x00007ff9aa588000 	C:\Windows\System32\PSAPI.DLL
0x00007ff9a7830000 - 0x00007ff9a7839000 	C:\Windows\SYSTEM32\WSOCK32.dll
0x00007ff9ac130000 - 0x00007ff9ac19a000 	C:\Windows\System32\WS2_32.dll
0x00007ff9a77f0000 - 0x00007ff9a7813000 	C:\Windows\SYSTEM32\WINMM.dll
0x00007ff9a7790000 - 0x00007ff9a77bb000 	C:\Windows\SYSTEM32\WINMMBASE.dll
0x00007ff9a9d70000 - 0x00007ff9a9db2000 	C:\Windows\System32\cfgmgr32.dll
0x0000000066380000 - 0x000000006638f000 	C:\Program Files\Java\jdk1.8.0_25\jre\bin\verify.dll
0x0000000066350000 - 0x0000000066378000 	C:\Program Files\Java\jdk1.8.0_25\jre\bin\java.dll
0x00000000644e0000 - 0x0000000064515000 	C:\Program Files\Java\jdk1.8.0_25\jre\bin\jdwp.dll
0x0000000065560000 - 0x0000000065568000 	C:\Program Files\Java\jdk1.8.0_25\jre\bin\npt.dll
0x0000000066330000 - 0x0000000066346000 	C:\Program Files\Java\jdk1.8.0_25\jre\bin\zip.dll
0x00007ff9aaac0000 - 0x00007ff9abfc8000 	C:\Windows\System32\SHELL32.dll
0x00007ff9a9470000 - 0x00007ff9a9b4a000 	C:\Windows\System32\windows.storage.dll
0x00007ff9a9300000 - 0x00007ff9a934c000 	C:\Windows\System32\powrprof.dll
0x00007ff9aa690000 - 0x00007ff9aa6e2000 	C:\Windows\System32\shlwapi.dll
0x00007ff9a92f0000 - 0x00007ff9a92ff000 	C:\Windows\System32\kernel.appcore.dll
0x00007ff9a9ff0000 - 0x00007ff9aa099000 	C:\Windows\System32\shcore.dll
0x00007ff9a92d0000 - 0x00007ff9a92e4000 	C:\Windows\System32\profapi.dll
0x00000000644d0000 - 0x00000000644d9000 	C:\Program Files\Java\jdk1.8.0_25\jre\bin\dt_socket.dll
0x00007ff99a950000 - 0x00007ff99a966000 	C:\Windows\system32\napinsp.dll
0x00007ff99a930000 - 0x00007ff99a94a000 	C:\Windows\system32\pnrpnsp.dll
0x00007ff9a7260000 - 0x00007ff9a7278000 	C:\Windows\system32\NLAapi.dll
0x00007ff9a8bf0000 - 0x00007ff9a8c4c000 	C:\Windows\System32\mswsock.dll
0x00007ff9a8950000 - 0x00007ff9a89f1000 	C:\Windows\SYSTEM32\DNSAPI.dll
0x00007ff9aa560000 - 0x00007ff9aa568000 	C:\Windows\System32\NSI.dll
0x00007ff9a8910000 - 0x00007ff9a8948000 	C:\Windows\SYSTEM32\IPHLPAPI.DLL
0x00007ff99a920000 - 0x00007ff99a92e000 	C:\Windows\System32\winrnr.dll
0x00007ff9a5090000 - 0x00007ff9a50fa000 	C:\Windows\System32\fwpuclnt.dll
0x00007ff9a9160000 - 0x00007ff9a918b000 	C:\Windows\SYSTEM32\bcrypt.dll
0x00007ff9a0820000 - 0x00007ff9a082a000 	C:\Windows\System32\rasadhlp.dll
0x00000000656a0000 - 0x00000000656ad000 	C:\Program Files\Java\jdk1.8.0_25\jre\bin\management.dll
0x0000000066310000 - 0x000000006632a000 	C:\Program Files\Java\jdk1.8.0_25\jre\bin\net.dll
0x00000000662f0000 - 0x0000000066301000 	C:\Program Files\Java\jdk1.8.0_25\jre\bin\nio.dll
0x00007ff9a8d90000 - 0x00007ff9a8da7000 	C:\Windows\SYSTEM32\CRYPTSP.dll
0x00007ff9a87a0000 - 0x00007ff9a87d3000 	C:\Windows\system32\rsaenh.dll
0x00007ff9a8a10000 - 0x00007ff9a8a2f000 	C:\Windows\SYSTEM32\USERENV.dll
0x00007ff9a8db0000 - 0x00007ff9a8dbb000 	C:\Windows\SYSTEM32\CRYPTBASE.dll
0x00007ff9a07e0000 - 0x00007ff9a07f6000 	C:\Windows\SYSTEM32\dhcpcsvc6.DLL
0x00007ff9a2d40000 - 0x00007ff9a2d5a000 	C:\Windows\SYSTEM32\dhcpcsvc.DLL
0x00007ff99d970000 - 0x00007ff99db02000 	C:\Windows\SYSTEM32\dbghelp.dll

VM Arguments:
jvm_args: -agentlib:jdwp=transport=dt_socket,suspend=y,address=localhost:55569 -Dcom.sun.management.jmxremote -Dcom.sun.management.jmxremote.port=55568 -Dcom.sun.management.jmxremote.authenticate=false -Dcom.sun.management.jmxremote.ssl=false -Djava.rmi.server.hostname=localhost -Dspring.liveBeansView.mbeanDomain -Dspring.application.admin.enabled=true -Xverify:none -XX:TieredStopAtLevel=1 -Dfile.encoding=UTF-8 
java_command: com.pannala.ravinder.SpringBootApacheCamelApplication
java_class_path (initial): C:\Program Files\Java\jdk1.8.0_25\jre\lib\resources.jar;C:\Program Files\Java\jdk1.8.0_25\jre\lib\rt.jar;C:\Program Files\Java\jdk1.8.0_25\jre\lib\jsse.jar;C:\Program Files\Java\jdk1.8.0_25\jre\lib\jce.jar;C:\Program Files\Java\jdk1.8.0_25\jre\lib\charsets.jar;C:\Program Files\Java\jdk1.8.0_25\jre\lib\jfr.jar;C:\Program Files\Java\jdk1.8.0_25\jre\lib\ext\access-bridge-64.jar;C:\Program Files\Java\jdk1.8.0_25\jre\lib\ext\cldrdata.jar;C:\Program Files\Java\jdk1.8.0_25\jre\lib\ext\dnsns.jar;C:\Program Files\Java\jdk1.8.0_25\jre\lib\ext\jaccess.jar;C:\Program Files\Java\jdk1.8.0_25\jre\lib\ext\jfxrt.jar;C:\Program Files\Java\jdk1.8.0_25\jre\lib\ext\localedata.jar;C:\Program Files\Java\jdk1.8.0_25\jre\lib\ext\nashorn.jar;C:\Program Files\Java\jdk1.8.0_25\jre\lib\ext\sunec.jar;C:\Program Files\Java\jdk1.8.0_25\jre\lib\ext\sunjce_provider.jar;C:\Program Files\Java\jdk1.8.0_25\jre\lib\ext\sunmscapi.jar;C:\Program Files\Java\jdk1.8.0_25\jre\lib\ext\sunpkcs11.jar;C:\Program Files\Java\jdk1.8.0_25\jre\lib\ext\zipfs.jar;C:\WorkSpace\Apache-Camel\SpringBoot-ApacheCamel\target\classes;C:\Users\ravinder.pannala\.m2\repository\org\springframework\boot\spring-boot-starter-activemq\1.5.13.RELEASE\spring-boot-starter-activemq-1.5.13.RELEASE.jar;C:\Users\ravinder.pannala\.m2\repository\org\springframework\boot\spring-boot-starter\1.5.13.RELEASE\spring-boot-starter-1.5.13.RELEASE.jar;C:\Users\ravinder.pannala\.m2\repository\org\springframework\boot\spring-boot-starter-logging\1.5.13.RELEASE\spring-boot-starter-logging-1.5.13.RELEASE.jar;C:\Users\ravinder.pannala\.m2\repository\ch\qos\logback\logback-classic\1.1.11\logback-classic-1.1.11.jar;C:\Users\ravinder.pannala\.m2\repository\ch\qos\logback\logback-core\1.1.11\logback-core-1.1.11.jar;C:\Users\ravinder.pannala\.m2\repository\org\slf4j\jcl-over-slf4j\1.7.25\jcl-over-slf4j-1.7.25.jar;C:\Users\ravinder.pannala\.m2\repository\org\slf4j\jul-to-slf4j\1.7.25\jul-to-slf4j-1.7.25.jar;C:\Users\ravinder.pannala\.m2
Launcher Type: SUN_STANDARD

Environment Variables:
JAVA_HOME=C:\Program Files\Java\jdk1.8.0_25
PATH=C:\Program Files\Java\jdk1.8.0_25\jre\bin;C:/Program Files/Java/jdk1.8.0_25/bin/../jre/bin/server;C:/Program Files/Java/jdk1.8.0_25/bin/../jre/bin;C:/Program Files/Java/jdk1.8.0_25/bin/../jre/lib/amd64;C:\Program Files\Java\jdk1.8.0_25\bin;C:\Windows\system32;C:\Windows;C:\Windows\System32\Wbem;C:\Windows\System32\WindowsPowerShell\v1.0\;C:\gradle-1.12\bin;C:\Program Files (x86)\MySQL\MySQL Server 5.1\bin;C:\Users\ravinder.pannala\AppData\Local\Programs\Git\cmd;D:\CM-P\KCM\softwares\apache-maven-3.5.2-bin\apache-maven-3.5.2\bin;C:\mongodb\bin;C:\Program Files\Java\jdk1.8.0_25\bin;C:\Users\ravinder.pannala\AppData\Local\Microsoft\WindowsApps;C:\gradle-1.12\bin;C:\Users\ravinder.pannala\AppData\Local\Programs\Git\cmd;C:\mongodb\bin;D:\CM-P\KCM\softwares\eclipse-java-photon-M5-win32-x86_64\eclipse;
USERNAME=Ravinder.Pannala
OS=Windows_NT
PROCESSOR_IDENTIFIER=Intel64 Family 6 Model 60 Stepping 3, GenuineIntel



---------------  S Y S T E M  ---------------

OS: Windows 8.1 , 64 bit Build 9600 

CPU:total 4 (4 cores per cpu, 1 threads per core) family 6 model 60 stepping 3, cmov, cx8, fxsr, mmx, sse, sse2, sse3, ssse3, sse4.1, sse4.2, popcnt, avx, avx2, aes, clmul, erms, lzcnt, tsc, tscinvbit, bmi1, bmi2

Memory: 4k page, physical 8294580k(2565004k free), swap 19304628k(9857008k free)

vm_info: Java HotSpot(TM) 64-Bit Server VM (25.25-b02) for windows-amd64 JRE (1.8.0_25-b18), built on Oct  7 2014 14:25:37 by "java_re" with MS VC++ 10.0 (VS2010)

time: Tue Jun 05 18:06:36 2018
elapsed time: 137 seconds (0d 0h 2m 17s)

