#
# A fatal error has been detected by the Java Runtime Environment:
#
#  EXCEPTION_ACCESS_VIOLATION (0xc0000005) at pc=0x000000006655ca40, pid=14520, tid=14652
#
# JRE version: Java(TM) SE Runtime Environment (8.0_25-b18) (build 1.8.0_25-b18)
# Java VM: Java HotSpot(TM) 64-Bit Server VM (25.25-b02 mixed mode windows-amd64 compressed oops)
# Problematic frame:
# V  [jvm.dll+0xeca40]
#
# Failed to write core dump. Minidumps are not enabled by default on client versions of Windows
#
# If you would like to submit a bug report, please visit:
#   http://bugreport.sun.com/bugreport/crash.jsp
#

---------------  T H R E A D  ---------------

Current thread (0x0000000017186000):  VMThread [stack: 0x0000000018230000,0x0000000018330000] [id=14652]

siginfo: ExceptionCode=0xc0000005, reading address 0x000000000000001b

Registers:
RAX=0x000000000000000b, RBX=0x000000001c1b02e0, RCX=0x000000001ba02c08, RDX=0x0000000100467028
RSP=0x000000001832ef20, RBP=0x0000000000000001, RSI=0x000000000000000a, RDI=0x0000000100467028
R8 =0x000000001aa359b0, R9 =0x000000000000000a, R10=0x000000001c6f6038, R11=0x000000001832efa8
R12=0x000000001aa35960, R13=0x000000001c1b02e0, R14=0x000000001c1b02b0, R15=0x000000001aa359b0
RIP=0x000000006655ca40, EFLAGS=0x0000000000010202

Top of Stack: (sp=0x000000001832ef20)
0x000000001832ef20:   0000000017186000 000000001832ef80
0x000000001832ef30:   0000000000000000 000000006654d14b
0x000000001832ef40:   000000001c1b0048 000000006655ccb7
0x000000001832ef50:   0000000100315028 0000000000000000
0x000000001832ef60:   0000000017186000 0000000066570ecb
0x000000001832ef70:   0000000100467028 000000001832f120
0x000000001832ef80:   0000000018b6f230 000000001c1b0048
0x000000001832ef90:   0000000017186000 000000001832f120
0x000000001832efa0:   0000000017186000 0000000066624d2d
0x000000001832efb0:   0000000100315028 000000001aa35960
0x000000001832efc0:   0000000017186000 0000000000da2a30
0x000000001832efd0:   000000001832f088 000000001c6f8878
0x000000001832efe0:   0000000017186000 0000000000000000
0x000000001832eff0:   0000000100000000 0000000000000000
0x000000001832f000:   000000001c06c828 0000000017186000
0x000000001832f010:   0000000017186000 0000000017185ab0 

Instructions: (pc=0x000000006655ca40)
0x000000006655ca20:   41 18 48 c1 e8 14 a8 01 74 06 48 8b 59 10 eb 1b
0x000000006655ca30:   48 8b 41 08 48 85 c0 74 44 48 8b 49 08 48 8b 01
0x000000006655ca40:   ff 50 10 84 c0 74 36 48 8b 5b 08 48 85 db 74 2d
0x000000006655ca50:   48 8b 03 48 8b cb ff 50 10 84 c0 74 20 48 85 ff 


Register to memory mapping:

RAX=0x000000000000000b is an unknown value
RBX=0x000000001c1b02e0 is pointing into metadata
RCX=0x000000001ba02c08 is pointing into metadata
RDX=0x0000000100467028 is pointing into metadata
RSP=0x000000001832ef20 is an unknown value
RBP=0x0000000000000001 is an unknown value
RSI=0x000000000000000a is an unknown value
RDI=0x0000000100467028 is pointing into metadata
R8 =0x000000001aa359b0 is an unknown value
R9 =0x000000000000000a is an unknown value
R10=0x000000001c6f6038 is pointing into metadata
R11=0x000000001832efa8 is an unknown value
R12=0x000000001aa35960 is an unknown value
R13=0x000000001c1b02e0 is pointing into metadata
R14=0x000000001c1b02b0 is pointing into metadata
R15=0x000000001aa359b0 is an unknown value


Stack: [0x0000000018230000,0x0000000018330000],  sp=0x000000001832ef20,  free space=1019k
Native frames: (J=compiled Java code, j=interpreted, Vv=VM code, C=native code)
V  [jvm.dll+0xeca40]
V  [jvm.dll+0xeccb7]
V  [jvm.dll+0x1b4d2d]
V  [jvm.dll+0x5832b]
V  [jvm.dll+0x1b82bd]
V  [jvm.dll+0x1b854b]
V  [jvm.dll+0x2325e7]
V  [jvm.dll+0x231826]
V  [jvm.dll+0x231cc1]
V  [jvm.dll+0x231ede]
V  [jvm.dll+0x2852fa]
C  [msvcr100.dll+0x21d9f]
C  [msvcr100.dll+0x21e3b]
C  [KERNEL32.DLL+0x8364]
C  [ntdll.dll+0x670d1]

VM_Operation (0x0000000018b6f230): RedefineClasses, mode: safepoint, requested by thread 0x00000000171c8800


---------------  P R O C E S S  ---------------

Java Threads: ( => current thread )
  0x000000001b211800 JavaThread "ForkJoinPool.commonPool-worker-2" daemon [_thread_blocked, id=10624, stack(0x000000002a670000,0x000000002a770000)]
  0x0000000019b2a000 JavaThread "ActiveMQ InactivityMonitor Worker" daemon [_thread_blocked, id=4980, stack(0x000000002a070000,0x000000002a170000)]
  0x0000000019b29000 JavaThread "Camel (camel-3) thread #33 - JmsConsumer[credit]" daemon [_thread_blocked, id=12672, stack(0x0000000029b70000,0x0000000029c70000)]
  0x0000000019b27000 JavaThread "ActiveMQ Transport: tcp://localhost/127.0.0.1:61616@62347" [_thread_in_native, id=11600, stack(0x0000000029a70000,0x0000000029b70000)]
  0x0000000019b20000 JavaThread "Camel (camel-3) thread #32 - JmsConsumer[debit]" daemon [_thread_blocked, id=5040, stack(0x0000000029970000,0x0000000029a70000)]
  0x0000000019b24800 JavaThread "ActiveMQ Transport: tcp://localhost/127.0.0.1:61616@62346" [_thread_in_native, id=5916, stack(0x0000000029870000,0x0000000029970000)]
  0x0000000019b26000 JavaThread "Camel (camel-3) thread #31 - JmsConsumer[cod]" daemon [_thread_blocked, id=4164, stack(0x0000000029670000,0x0000000029770000)]
  0x0000000019b25800 JavaThread "ActiveMQ Transport: tcp://localhost/127.0.0.1:61616@62345" [_thread_in_native, id=1576, stack(0x0000000029570000,0x0000000029670000)]
  0x0000000019b21800 JavaThread "Camel (camel-3) thread #30 - JmsConsumer[payment]" daemon [_thread_blocked, id=6636, stack(0x0000000029270000,0x0000000029370000)]
  0x0000000019b22800 JavaThread "ActiveMQ Transport: tcp://localhost/127.0.0.1:61616@62344" [_thread_in_native, id=1496, stack(0x0000000029170000,0x0000000029270000)]
  0x0000000019b24000 JavaThread "Camel (camel-3) thread #29 - JmsConsumer[Madhapur]" daemon [_thread_blocked, id=9400, stack(0x0000000029070000,0x0000000029170000)]
  0x0000000019b1e000 JavaThread "ActiveMQ Transport: tcp://localhost/127.0.0.1:61616@62343" [_thread_in_native, id=10856, stack(0x0000000028e70000,0x0000000028f70000)]
  0x0000000019b21000 JavaThread "Camel (camel-3) thread #28 - JmsConsumer[vehicleQueue]" daemon [_thread_blocked, id=15292, stack(0x0000000028c70000,0x0000000028d70000)]
  0x0000000019b1c000 JavaThread "ActiveMQ Transport: tcp://localhost/127.0.0.1:61616@62342" [_thread_in_native, id=7920, stack(0x0000000028b70000,0x0000000028c70000)]
  0x000000001b219000 JavaThread "Camel (camel-3) thread #27 - JmsConsumer[Order_Placed]" daemon [_thread_blocked, id=12084, stack(0x0000000028a70000,0x0000000028b70000)]
  0x000000001b218800 JavaThread "ActiveMQ Transport: tcp://localhost/127.0.0.1:61616@62341" [_thread_in_native, id=12752, stack(0x0000000028970000,0x0000000028a70000)]
  0x000000001b215800 JavaThread "Camel (camel-3) thread #26 - JmsConsumer[Order_Cancel]" daemon [_thread_blocked, id=11068, stack(0x0000000028770000,0x0000000028870000)]
  0x000000001b212000 JavaThread "ActiveMQ Transport: tcp://localhost/127.0.0.1:61616@62340" [_thread_in_native, id=7516, stack(0x0000000028570000,0x0000000028670000)]
  0x000000001b214800 JavaThread "Camel (camel-3) thread #25 - JmsConsumer[Order_Unavailable]" daemon [_thread_blocked, id=15264, stack(0x0000000028470000,0x0000000028570000)]
  0x000000001b217000 JavaThread "ActiveMQ Transport: tcp://localhost/127.0.0.1:61616@62339" [_thread_in_native, id=10956, stack(0x0000000028270000,0x0000000028370000)]
  0x000000001b216000 JavaThread "ActiveMQ InactivityMonitor WriteCheckTimer" daemon [_thread_blocked, id=14548, stack(0x0000000028170000,0x0000000028270000)]
  0x000000001b20a000 JavaThread "Camel (camel-3) thread #24 - JmsConsumer[IN]" daemon [_thread_blocked, id=10888, stack(0x0000000028070000,0x0000000028170000)]
  0x000000001b210000 JavaThread "ActiveMQ Transport: tcp://localhost/127.0.0.1:61616@62338" [_thread_in_native, id=396, stack(0x0000000027f70000,0x0000000028070000)]
  0x000000001b20d000 JavaThread "ActiveMQ InactivityMonitor ReadCheckTimer" daemon [_thread_blocked, id=12120, stack(0x0000000027e70000,0x0000000027f70000)]
  0x000000001b20b800 JavaThread "File Watcher" daemon [_thread_blocked, id=3400, stack(0x0000000027d70000,0x0000000027e70000)]
  0x000000001b20c000 JavaThread "DestroyJavaVM" [_thread_blocked, id=10704, stack(0x0000000002560000,0x0000000002660000)]
  0x000000001af2e800 JavaThread "Live Reload Server" daemon [_thread_in_native, id=11792, stack(0x000000001c470000,0x000000001c570000)]
  0x000000001961c800 JavaThread "RMI TCP Accept-0" daemon [_thread_in_native, id=13216, stack(0x0000000019f70000,0x000000001a070000)]
  0x0000000019615000 JavaThread "RMI TCP Accept-62256" daemon [_thread_in_native, id=14240, stack(0x0000000019e70000,0x0000000019f70000)]
  0x0000000019604800 JavaThread "RMI TCP Accept-0" daemon [_thread_in_native, id=11208, stack(0x0000000019d70000,0x0000000019e70000)]
  0x000000001721e000 JavaThread "Service Thread" daemon [_thread_blocked, id=8312, stack(0x0000000019470000,0x0000000019570000)]
  0x00000000171ed800 JavaThread "C1 CompilerThread2" daemon [_thread_blocked, id=9932, stack(0x0000000018f70000,0x0000000019070000)]
  0x00000000171ec000 JavaThread "C2 CompilerThread1" daemon [_thread_blocked, id=14164, stack(0x0000000018e70000,0x0000000018f70000)]
  0x00000000171e5000 JavaThread "C2 CompilerThread0" daemon [_thread_blocked, id=7304, stack(0x0000000018d70000,0x0000000018e70000)]
  0x00000000171d9800 JavaThread "JDWP Command Reader" daemon [_thread_in_native, id=1228, stack(0x0000000018c70000,0x0000000018d70000)]
  0x00000000171d6000 JavaThread "JDWP Event Helper Thread" daemon [_thread_blocked, id=4156, stack(0x0000000018b70000,0x0000000018c70000)]
  0x00000000171c8800 JavaThread "JDWP Transport Listener: dt_socket" daemon [_thread_blocked, id=9012, stack(0x0000000018a70000,0x0000000018b70000)]
  0x00000000171c0000 JavaThread "Attach Listener" daemon [_thread_blocked, id=12304, stack(0x0000000018630000,0x0000000018730000)]
  0x00000000171bf000 JavaThread "Signal Dispatcher" daemon [_thread_blocked, id=4460, stack(0x0000000018530000,0x0000000018630000)]
  0x0000000017187000 JavaThread "Finalizer" daemon [_thread_blocked, id=2992, stack(0x0000000018430000,0x0000000018530000)]
  0x0000000000e71000 JavaThread "Reference Handler" daemon [_thread_blocked, id=13940, stack(0x0000000018330000,0x0000000018430000)]

Other Threads:
=>0x0000000017186000 VMThread [stack: 0x0000000018230000,0x0000000018330000] [id=14652]
  0x0000000019622000 WatcherThread [stack: 0x000000001a070000,0x000000001a170000] [id=9276]

VM state:at safepoint (normal execution)

VM Mutex/Monitor currently owned by a thread:  ([mutex/lock_event])
[0x0000000000d81b50] Threads_lock - owner thread: 0x0000000017186000

Heap:
 PSYoungGen      total 266240K, used 16157K [0x00000000d5d00000, 0x00000000ea780000, 0x0000000100000000)
  eden space 253952K, 2% used [0x00000000d5d00000,0x00000000d641e800,0x00000000e5500000)
  from space 12288K, 72% used [0x00000000e6100000,0x00000000e69a8e78,0x00000000e6d00000)
  to   space 12288K, 0% used [0x00000000e5500000,0x00000000e5500000,0x00000000e6100000)
 ParOldGen       total 65024K, used 18149K [0x0000000081600000, 0x0000000085580000, 0x00000000d5d00000)
  object space 65024K, 27% used [0x0000000081600000,0x00000000827b9698,0x0000000085580000)
 Metaspace       used 32361K, capacity 33146K, committed 33408K, reserved 1077248K
  class space    used 4481K, capacity 4639K, committed 4736K, reserved 1048576K

Card table byte_map: [0x0000000011a20000,0x0000000011e20000] byte_map_base: 0x0000000011615000

Marking Bits: (ParMarkBitMap*) 0x0000000066c4d490
 Begin Bits: [0x00000000124d0000, 0x0000000014478000)
 End Bits:   [0x0000000014478000, 0x0000000016420000)

Polling page: 0x0000000000d50000

CodeCache: size=245760Kb used=9673Kb max_used=9673Kb free=236086Kb
 bounds [0x0000000002660000, 0x0000000002fe0000, 0x0000000011660000]
 total_blobs=5068 nmethods=4639 adapters=349
 compilation: enabled

Compilation events (10 events):
Event: 406.384 Thread 0x00000000171ed800 4702       1       ch.qos.logback.classic.spi.LoggingEvent::getLoggerName (5 bytes)
Event: 406.384 Thread 0x00000000171ed800 nmethod 4702 0x0000000002fd18d0 code [0x0000000002fd1a20, 0x0000000002fd1b30]
Event: 406.385 Thread 0x00000000171ed800 4703       1       ch.qos.logback.classic.spi.LoggingEvent::getThrowableProxy (5 bytes)
Event: 406.385 Thread 0x00000000171ed800 nmethod 4703 0x0000000002fd1b90 code [0x0000000002fd1ce0, 0x0000000002fd1df0]
Event: 436.380 Thread 0x00000000171ed800 4704   !   1       java.util.concurrent.ThreadPoolExecutor::tryTerminate (161 bytes)
Event: 436.383 Thread 0x00000000171ed800 nmethod 4704 0x0000000002fd1e50 code [0x0000000002fd2080, 0x0000000002fd2698]
Event: 442.318 Thread 0x00000000171ed800 4705       1       java.lang.ThreadGroup::checkAccess (14 bytes)
Event: 442.318 Thread 0x00000000171ed800 nmethod 4705 0x0000000002fd2f10 code [0x0000000002fd3080, 0x0000000002fd31e8]
Event: 460.361 Thread 0x00000000171ed800 4706       1       java.util.zip.Inflater::finalize (5 bytes)
Event: 460.362 Thread 0x00000000171ed800 nmethod 4706 0x0000000002fd3250 code [0x0000000002fd33a0, 0x0000000002fd34c8]

GC Heap History (10 events):
Event: 298.892 GC heap before
{Heap before GC invocations=11 (full 2):
 PSYoungGen      total 207360K, used 8608K [0x00000000d5d00000, 0x00000000e6880000, 0x0000000100000000)
  eden space 198656K, 0% used [0x00000000d5d00000,0x00000000d5d00000,0x00000000e1f00000)
  from space 8704K, 98% used [0x00000000e5a80000,0x00000000e62e8108,0x00000000e6300000)
  to   space 5632K, 0% used [0x00000000e6300000,0x00000000e6300000,0x00000000e6880000)
 ParOldGen       total 65024K, used 12059K [0x0000000081600000, 0x0000000085580000, 0x00000000d5d00000)
  object space 65024K, 18% used [0x0000000081600000,0x00000000821c6eb8,0x0000000085580000)
 Metaspace       used 31829K, capacity 32328K, committed 32512K, reserved 1077248K
  class space    used 4384K, capacity 4504K, committed 4608K, reserved 1048576K
Event: 298.980 GC heap after
Heap after GC invocations=11 (full 2):
 PSYoungGen      total 207360K, used 0K [0x00000000d5d00000, 0x00000000e6880000, 0x0000000100000000)
  eden space 198656K, 0% used [0x00000000d5d00000,0x00000000d5d00000,0x00000000e1f00000)
  from space 8704K, 0% used [0x00000000e5a80000,0x00000000e5a80000,0x00000000e6300000)
  to   space 5632K, 0% used [0x00000000e6300000,0x00000000e6300000,0x00000000e6880000)
 ParOldGen       total 65024K, used 18389K [0x0000000081600000, 0x0000000085580000, 0x00000000d5d00000)
  object space 65024K, 28% used [0x0000000081600000,0x00000000827f55c0,0x0000000085580000)
 Metaspace       used 31824K, capacity 32318K, committed 32512K, reserved 1077248K
  class space    used 4382K, capacity 4501K, committed 4608K, reserved 1048576K
}
Event: 300.338 GC heap before
{Heap before GC invocations=12 (full 2):
 PSYoungGen      total 207360K, used 198656K [0x00000000d5d00000, 0x00000000e6880000, 0x0000000100000000)
  eden space 198656K, 100% used [0x00000000d5d00000,0x00000000e1f00000,0x00000000e1f00000)
  from space 8704K, 0% used [0x00000000e5a80000,0x00000000e5a80000,0x00000000e6300000)
  to   space 5632K, 0% used [0x00000000e6300000,0x00000000e6300000,0x00000000e6880000)
 ParOldGen       total 65024K, used 18389K [0x0000000081600000, 0x0000000085580000, 0x00000000d5d00000)
  object space 65024K, 28% used [0x0000000081600000,0x00000000827f55c0,0x0000000085580000)
 Metaspace       used 32061K, capacity 32812K, committed 33024K, reserved 1077248K
  class space    used 4437K, capacity 4584K, committed 4608K, reserved 1048576K
Event: 300.344 GC heap after
Heap after GC invocations=12 (full 2):
 PSYoungGen      total 259584K, used 5632K [0x00000000d5d00000, 0x00000000e6c00000, 0x0000000100000000)
  eden space 253952K, 0% used [0x00000000d5d00000,0x00000000d5d00000,0x00000000e5500000)
  from space 5632K, 100% used [0x00000000e6300000,0x00000000e6880000,0x00000000e6880000)
  to   space 11776K, 0% used [0x00000000e5500000,0x00000000e5500000,0x00000000e6080000)
 ParOldGen       total 65024K, used 20667K [0x0000000081600000, 0x0000000085580000, 0x00000000d5d00000)
  object space 65024K, 31% used [0x0000000081600000,0x0000000082a2ef88,0x0000000085580000)
 Metaspace       used 32061K, capacity 32812K, committed 33024K, reserved 1077248K
  class space    used 4437K, capacity 4584K, committed 4608K, reserved 1048576K
}
Event: 404.862 GC heap before
{Heap before GC invocations=13 (full 2):
 PSYoungGen      total 259584K, used 109086K [0x00000000d5d00000, 0x00000000e6c00000, 0x0000000100000000)
  eden space 253952K, 40% used [0x00000000d5d00000,0x00000000dc207ab0,0x00000000e5500000)
  from space 5632K, 100% used [0x00000000e6300000,0x00000000e6880000,0x00000000e6880000)
  to   space 11776K, 0% used [0x00000000e5500000,0x00000000e5500000,0x00000000e6080000)
 ParOldGen       total 65024K, used 20667K [0x0000000081600000, 0x0000000085580000, 0x00000000d5d00000)
  object space 65024K, 31% used [0x0000000081600000,0x0000000082a2ef88,0x0000000085580000)
 Metaspace       used 32131K, capacity 32836K, committed 33024K, reserved 1077248K
  class space    used 4441K, capacity 4588K, committed 4608K, reserved 1048576K
Event: 404.866 GC heap after
Heap after GC invocations=13 (full 2):
 PSYoungGen      total 265728K, used 3201K [0x00000000d5d00000, 0x00000000e6d00000, 0x0000000100000000)
  eden space 253952K, 0% used [0x00000000d5d00000,0x00000000d5d00000,0x00000000e5500000)
  from space 11776K, 27% used [0x00000000e5500000,0x00000000e58204d0,0x00000000e6080000)
  to   space 12288K, 0% used [0x00000000e6100000,0x00000000e6100000,0x00000000e6d00000)
 ParOldGen       total 65024K, used 20675K [0x0000000081600000, 0x0000000085580000, 0x00000000d5d00000)
  object space 65024K, 31% used [0x0000000081600000,0x0000000082a30f88,0x0000000085580000)
 Metaspace       used 32131K, capacity 32836K, committed 33024K, reserved 1077248K
  class space    used 4441K, capacity 4588K, committed 4608K, reserved 1048576K
}
Event: 404.866 GC heap before
{Heap before GC invocations=14 (full 3):
 PSYoungGen      total 265728K, used 3201K [0x00000000d5d00000, 0x00000000e6d00000, 0x0000000100000000)
  eden space 253952K, 0% used [0x00000000d5d00000,0x00000000d5d00000,0x00000000e5500000)
  from space 11776K, 27% used [0x00000000e5500000,0x00000000e58204d0,0x00000000e6080000)
  to   space 12288K, 0% used [0x00000000e6100000,0x00000000e6100000,0x00000000e6d00000)
 ParOldGen       total 65024K, used 20675K [0x0000000081600000, 0x0000000085580000, 0x00000000d5d00000)
  object space 65024K, 31% used [0x0000000081600000,0x0000000082a30f88,0x0000000085580000)
 Metaspace       used 32131K, capacity 32836K, committed 33024K, reserved 1077248K
  class space    used 4441K, capacity 4588K, committed 4608K, reserved 1048576K
Event: 404.978 GC heap after
Heap after GC invocations=14 (full 3):
 PSYoungGen      total 265728K, used 0K [0x00000000d5d00000, 0x00000000e6d00000, 0x0000000100000000)
  eden space 253952K, 0% used [0x00000000d5d00000,0x00000000d5d00000,0x00000000e5500000)
  from space 11776K, 0% used [0x00000000e5500000,0x00000000e5500000,0x00000000e6080000)
  to   space 12288K, 0% used [0x00000000e6100000,0x00000000e6100000,0x00000000e6d00000)
 ParOldGen       total 65024K, used 18141K [0x0000000081600000, 0x0000000085580000, 0x00000000d5d00000)
  object space 65024K, 27% used [0x0000000081600000,0x00000000827b7698,0x0000000085580000)
 Metaspace       used 32131K, capacity 32836K, committed 33024K, reserved 1077248K
  class space    used 4441K, capacity 4588K, committed 4608K, reserved 1048576K
}
Event: 460.327 GC heap before
{Heap before GC invocations=15 (full 3):
 PSYoungGen      total 265728K, used 253952K [0x00000000d5d00000, 0x00000000e6d00000, 0x0000000100000000)
  eden space 253952K, 100% used [0x00000000d5d00000,0x00000000e5500000,0x00000000e5500000)
  from space 11776K, 0% used [0x00000000e5500000,0x00000000e5500000,0x00000000e6080000)
  to   space 12288K, 0% used [0x00000000e6100000,0x00000000e6100000,0x00000000e6d00000)
 ParOldGen       total 65024K, used 18141K [0x0000000081600000, 0x0000000085580000, 0x00000000d5d00000)
  object space 65024K, 27% used [0x0000000081600000,0x00000000827b7698,0x0000000085580000)
 Metaspace       used 32300K, capacity 33082K, committed 33408K, reserved 1077248K
  class space    used 4477K, capacity 4639K, committed 4736K, reserved 1048576K
Event: 460.350 GC heap after
Heap after GC invocations=15 (full 3):
 PSYoungGen      total 266240K, used 8867K [0x00000000d5d00000, 0x00000000ea780000, 0x0000000100000000)
  eden space 253952K, 0% used [0x00000000d5d00000,0x00000000d5d00000,0x00000000e5500000)
  from space 12288K, 72% used [0x00000000e6100000,0x00000000e69a8e78,0x00000000e6d00000)
  to   space 12288K, 0% used [0x00000000e5500000,0x00000000e5500000,0x00000000e6100000)
 ParOldGen       total 65024K, used 18149K [0x0000000081600000, 0x0000000085580000, 0x00000000d5d00000)
  object space 65024K, 27% used [0x0000000081600000,0x00000000827b9698,0x0000000085580000)
 Metaspace       used 32300K, capacity 33082K, committed 33408K, reserved 1077248K
  class space    used 4477K, capacity 4639K, committed 4736K, reserved 1048576K
}

Deoptimization events (0 events):
No events

Internal exceptions (10 events):
Event: 406.246 Thread 0x000000001b20f000 Exception <a 'java/security/PrivilegedActionException'> (0x00000000e13a9018) thrown at [D:\re\workspace\8-2-build-windows-amd64-cygwin\jdk8u25\1677\hotspot\src\share\vm\prims\jvm.cpp, line 1312]
Event: 406.246 Thread 0x000000001b20f000 Exception <a 'java/security/PrivilegedActionException'> (0x00000000e13ac3d0) thrown at [D:\re\workspace\8-2-build-windows-amd64-cygwin\jdk8u25\1677\hotspot\src\share\vm\prims\jvm.cpp, line 1312]
Event: 406.246 Thread 0x000000001b20f000 Exception <a 'java/security/PrivilegedActionException'> (0x00000000e13aeda8) thrown at [D:\re\workspace\8-2-build-windows-amd64-cygwin\jdk8u25\1677\hotspot\src\share\vm\prims\jvm.cpp, line 1312]
Event: 406.247 Thread 0x000000001b20f000 Exception <a 'java/security/PrivilegedActionException'> (0x00000000e13b95d0) thrown at [D:\re\workspace\8-2-build-windows-amd64-cygwin\jdk8u25\1677\hotspot\src\share\vm\prims\jvm.cpp, line 1312]
Event: 406.250 Thread 0x000000001b20f000 Exception <a 'java/security/PrivilegedActionException'> (0x00000000e13ecce0) thrown at [D:\re\workspace\8-2-build-windows-amd64-cygwin\jdk8u25\1677\hotspot\src\share\vm\prims\jvm.cpp, line 1312]
Event: 406.250 Thread 0x000000001b20f000 Exception <a 'java/lang/ArrayIndexOutOfBoundsException'> (0x00000000e13ee7e0) thrown at [D:\re\workspace\8-2-build-windows-amd64-cygwin\jdk8u25\1677\hotspot\src\share\vm\runtime\sharedRuntime.cpp, line 604]
Event: 406.251 Thread 0x000000001b20f000 Exception <a 'java/security/PrivilegedActionException'> (0x00000000e13f2688) thrown at [D:\re\workspace\8-2-build-windows-amd64-cygwin\jdk8u25\1677\hotspot\src\share\vm\prims\jvm.cpp, line 1312]
Event: 406.251 Thread 0x000000001b20f000 Exception <a 'java/lang/ArrayIndexOutOfBoundsException'> (0x00000000e13f4890) thrown at [D:\re\workspace\8-2-build-windows-amd64-cygwin\jdk8u25\1677\hotspot\src\share\vm\runtime\sharedRuntime.cpp, line 604]
Event: 406.251 Thread 0x000000001b20f000 Exception <a 'java/security/PrivilegedActionException'> (0x00000000e13fba08) thrown at [D:\re\workspace\8-2-build-windows-amd64-cygwin\jdk8u25\1677\hotspot\src\share\vm\prims\jvm.cpp, line 1312]
Event: 406.252 Thread 0x000000001b20f000 Exception <a 'java/security/PrivilegedActionException'> (0x00000000e1406908) thrown at [D:\re\workspace\8-2-build-windows-amd64-cygwin\jdk8u25\1677\hotspot\src\share\vm\prims\jvm.cpp, line 1312]

Events (10 events):
Event: 460.359 Executing VM operation: RevokeBias done
Event: 460.359 Executing VM operation: RevokeBias
Event: 460.359 Executing VM operation: RevokeBias done
Event: 460.360 Executing VM operation: RevokeBias
Event: 460.360 Executing VM operation: RevokeBias done
Event: 460.360 Executing VM operation: RevokeBias
Event: 460.360 Executing VM operation: RevokeBias done
Event: 460.360 Executing VM operation: BulkRevokeBias
Event: 460.361 Executing VM operation: BulkRevokeBias done
Event: 461.167 Executing VM operation: RedefineClasses


Dynamic libraries:
0x00007ff698aa0000 - 0x00007ff698ad4000 	C:\Program Files\Java\jdk1.8.0_25\bin\javaw.exe
0x00007ff9ace60000 - 0x00007ff9ad031000 	C:\Windows\SYSTEM32\ntdll.dll
0x00007ff9aca80000 - 0x00007ff9acb2c000 	C:\Windows\System32\KERNEL32.DLL
0x00007ff9a9b50000 - 0x00007ff9a9d6d000 	C:\Windows\System32\KERNELBASE.dll
0x0000000068070000 - 0x00000000680fe000 	C:\Windows\System32\SYSFER.DLL
0x00007ff9accf0000 - 0x00007ff9acd92000 	C:\Windows\System32\ADVAPI32.dll
0x00007ff9ac910000 - 0x00007ff9ac9ae000 	C:\Windows\System32\msvcrt.dll
0x00007ff9aa590000 - 0x00007ff9aa5e9000 	C:\Windows\System32\sechost.dll
0x00007ff9aa7f0000 - 0x00007ff9aa911000 	C:\Windows\System32\RPCRT4.dll
0x00007ff9aa3f0000 - 0x00007ff9aa555000 	C:\Windows\System32\USER32.dll
0x00007ff9a9350000 - 0x00007ff9a936e000 	C:\Windows\System32\win32u.dll
0x00007ff9aa650000 - 0x00007ff9aa684000 	C:\Windows\System32\GDI32.dll
0x00007ff9aa260000 - 0x00007ff9aa3e2000 	C:\Windows\System32\gdi32full.dll
0x00007ff99f4f0000 - 0x00007ff99f76a000 	C:\Windows\WinSxS\amd64_microsoft.windows.common-controls_6595b64144ccf1df_6.0.14393.953_none_42151e83c686086b\COMCTL32.dll
0x00007ff9ac640000 - 0x00007ff9ac908000 	C:\Windows\System32\combase.dll
0x00007ff9a9370000 - 0x00007ff9a9465000 	C:\Windows\System32\ucrtbase.dll
0x00007ff9aa0a0000 - 0x00007ff9aa10a000 	C:\Windows\System32\bcryptPrimitives.dll
0x00007ff9ac9b0000 - 0x00007ff9ac9de000 	C:\Windows\System32\IMM32.DLL
0x00000000654f0000 - 0x00000000655c2000 	C:\Program Files\Java\jdk1.8.0_25\jre\bin\msvcr100.dll
0x0000000066470000 - 0x0000000066cca000 	C:\Program Files\Java\jdk1.8.0_25\jre\bin\server\jvm.dll
0x00007ff9aa580000 - 0x00007ff9aa588000 	C:\Windows\System32\PSAPI.DLL
0x00007ff9a7830000 - 0x00007ff9a7839000 	C:\Windows\SYSTEM32\WSOCK32.dll
0x00007ff9ac130000 - 0x00007ff9ac19a000 	C:\Windows\System32\WS2_32.dll
0x00007ff9a77f0000 - 0x00007ff9a7813000 	C:\Windows\SYSTEM32\WINMM.dll
0x00007ff9a7790000 - 0x00007ff9a77bb000 	C:\Windows\SYSTEM32\WINMMBASE.dll
0x00007ff9a9d70000 - 0x00007ff9a9db2000 	C:\Windows\System32\cfgmgr32.dll
0x0000000066380000 - 0x000000006638f000 	C:\Program Files\Java\jdk1.8.0_25\jre\bin\verify.dll
0x0000000066350000 - 0x0000000066378000 	C:\Program Files\Java\jdk1.8.0_25\jre\bin\java.dll
0x00000000654b0000 - 0x00000000654e5000 	C:\Program Files\Java\jdk1.8.0_25\jre\bin\jdwp.dll
0x00000000654a0000 - 0x00000000654a8000 	C:\Program Files\Java\jdk1.8.0_25\jre\bin\npt.dll
0x0000000066330000 - 0x0000000066346000 	C:\Program Files\Java\jdk1.8.0_25\jre\bin\zip.dll
0x00007ff9aaac0000 - 0x00007ff9abfc8000 	C:\Windows\System32\SHELL32.dll
0x00007ff9a9470000 - 0x00007ff9a9b4a000 	C:\Windows\System32\windows.storage.dll
0x00007ff9a9300000 - 0x00007ff9a934c000 	C:\Windows\System32\powrprof.dll
0x00007ff9aa690000 - 0x00007ff9aa6e2000 	C:\Windows\System32\shlwapi.dll
0x00007ff9a92f0000 - 0x00007ff9a92ff000 	C:\Windows\System32\kernel.appcore.dll
0x00007ff9a9ff0000 - 0x00007ff9aa099000 	C:\Windows\System32\shcore.dll
0x00007ff9a92d0000 - 0x00007ff9a92e4000 	C:\Windows\System32\profapi.dll
0x0000000065490000 - 0x0000000065499000 	C:\Program Files\Java\jdk1.8.0_25\jre\bin\dt_socket.dll
0x00007ff99a950000 - 0x00007ff99a966000 	C:\Windows\system32\napinsp.dll
0x00007ff99a930000 - 0x00007ff99a94a000 	C:\Windows\system32\pnrpnsp.dll
0x00007ff9a7260000 - 0x00007ff9a7278000 	C:\Windows\system32\NLAapi.dll
0x00007ff9a8bf0000 - 0x00007ff9a8c4c000 	C:\Windows\System32\mswsock.dll
0x00007ff9a8950000 - 0x00007ff9a89f1000 	C:\Windows\SYSTEM32\DNSAPI.dll
0x00007ff9aa560000 - 0x00007ff9aa568000 	C:\Windows\System32\NSI.dll
0x00007ff9a8910000 - 0x00007ff9a8948000 	C:\Windows\SYSTEM32\IPHLPAPI.DLL
0x00007ff99a920000 - 0x00007ff99a92e000 	C:\Windows\System32\winrnr.dll
0x00007ff9a5090000 - 0x00007ff9a50fa000 	C:\Windows\System32\fwpuclnt.dll
0x00007ff9a9160000 - 0x00007ff9a918b000 	C:\Windows\SYSTEM32\bcrypt.dll
0x00007ff9a0820000 - 0x00007ff9a082a000 	C:\Windows\System32\rasadhlp.dll
0x00000000656a0000 - 0x00000000656ad000 	C:\Program Files\Java\jdk1.8.0_25\jre\bin\management.dll
0x0000000066310000 - 0x000000006632a000 	C:\Program Files\Java\jdk1.8.0_25\jre\bin\net.dll
0x00000000662f0000 - 0x0000000066301000 	C:\Program Files\Java\jdk1.8.0_25\jre\bin\nio.dll
0x00007ff9a8d90000 - 0x00007ff9a8da7000 	C:\Windows\SYSTEM32\CRYPTSP.dll
0x00007ff9a87a0000 - 0x00007ff9a87d3000 	C:\Windows\system32\rsaenh.dll
0x00007ff9a8a10000 - 0x00007ff9a8a2f000 	C:\Windows\SYSTEM32\USERENV.dll
0x00007ff9a8db0000 - 0x00007ff9a8dbb000 	C:\Windows\SYSTEM32\CRYPTBASE.dll
0x00007ff9a07e0000 - 0x00007ff9a07f6000 	C:\Windows\SYSTEM32\dhcpcsvc6.DLL
0x00007ff9a2d40000 - 0x00007ff9a2d5a000 	C:\Windows\SYSTEM32\dhcpcsvc.DLL
0x00007ff99d970000 - 0x00007ff99db02000 	C:\Windows\SYSTEM32\dbghelp.dll

VM Arguments:
jvm_args: -agentlib:jdwp=transport=dt_socket,suspend=y,address=localhost:62257 -Dcom.sun.management.jmxremote -Dcom.sun.management.jmxremote.port=62256 -Dcom.sun.management.jmxremote.authenticate=false -Dcom.sun.management.jmxremote.ssl=false -Djava.rmi.server.hostname=localhost -Dspring.liveBeansView.mbeanDomain -Dspring.application.admin.enabled=true -Xverify:none -XX:TieredStopAtLevel=1 -Dfile.encoding=UTF-8 
java_command: com.pannala.ravinder.SpringBootApacheCamelApplication
java_class_path (initial): C:\Program Files\Java\jdk1.8.0_25\jre\lib\resources.jar;C:\Program Files\Java\jdk1.8.0_25\jre\lib\rt.jar;C:\Program Files\Java\jdk1.8.0_25\jre\lib\jsse.jar;C:\Program Files\Java\jdk1.8.0_25\jre\lib\jce.jar;C:\Program Files\Java\jdk1.8.0_25\jre\lib\charsets.jar;C:\Program Files\Java\jdk1.8.0_25\jre\lib\jfr.jar;C:\Program Files\Java\jdk1.8.0_25\jre\lib\ext\access-bridge-64.jar;C:\Program Files\Java\jdk1.8.0_25\jre\lib\ext\cldrdata.jar;C:\Program Files\Java\jdk1.8.0_25\jre\lib\ext\dnsns.jar;C:\Program Files\Java\jdk1.8.0_25\jre\lib\ext\jaccess.jar;C:\Program Files\Java\jdk1.8.0_25\jre\lib\ext\jfxrt.jar;C:\Program Files\Java\jdk1.8.0_25\jre\lib\ext\localedata.jar;C:\Program Files\Java\jdk1.8.0_25\jre\lib\ext\nashorn.jar;C:\Program Files\Java\jdk1.8.0_25\jre\lib\ext\sunec.jar;C:\Program Files\Java\jdk1.8.0_25\jre\lib\ext\sunjce_provider.jar;C:\Program Files\Java\jdk1.8.0_25\jre\lib\ext\sunmscapi.jar;C:\Program Files\Java\jdk1.8.0_25\jre\lib\ext\sunpkcs11.jar;C:\Program Files\Java\jdk1.8.0_25\jre\lib\ext\zipfs.jar;C:\WorkSpace\Apache-Camel\SpringBoot-ApacheCamel\target\classes;C:\Users\ravinder.pannala\.m2\repository\org\springframework\boot\spring-boot-starter-activemq\1.5.13.RELEASE\spring-boot-starter-activemq-1.5.13.RELEASE.jar;C:\Users\ravinder.pannala\.m2\repository\org\springframework\boot\spring-boot-starter\1.5.13.RELEASE\spring-boot-starter-1.5.13.RELEASE.jar;C:\Users\ravinder.pannala\.m2\repository\org\springframework\boot\spring-boot-starter-logging\1.5.13.RELEASE\spring-boot-starter-logging-1.5.13.RELEASE.jar;C:\Users\ravinder.pannala\.m2\repository\ch\qos\logback\logback-classic\1.1.11\logback-classic-1.1.11.jar;C:\Users\ravinder.pannala\.m2\repository\ch\qos\logback\logback-core\1.1.11\logback-core-1.1.11.jar;C:\Users\ravinder.pannala\.m2\repository\org\slf4j\jcl-over-slf4j\1.7.25\jcl-over-slf4j-1.7.25.jar;C:\Users\ravinder.pannala\.m2\repository\org\slf4j\jul-to-slf4j\1.7.25\jul-to-slf4j-1.7.25.jar;C:\Users\ravinder.pannala\.m2
Launcher Type: SUN_STANDARD

Environment Variables:
JAVA_HOME=C:\Program Files\Java\jdk1.8.0_25
PATH=C:\Program Files\Java\jdk1.8.0_25\jre\bin;C:/Program Files/Java/jdk1.8.0_25/bin/../jre/bin/server;C:/Program Files/Java/jdk1.8.0_25/bin/../jre/bin;C:/Program Files/Java/jdk1.8.0_25/bin/../jre/lib/amd64;C:\Program Files\Java\jdk1.8.0_25\bin;C:\Windows\system32;C:\Windows;C:\Windows\System32\Wbem;C:\Windows\System32\WindowsPowerShell\v1.0\;C:\gradle-1.12\bin;C:\Program Files (x86)\MySQL\MySQL Server 5.1\bin;C:\Users\ravinder.pannala\AppData\Local\Programs\Git\cmd;D:\CM-P\KCM\softwares\apache-maven-3.5.2-bin\apache-maven-3.5.2\bin;C:\mongodb\bin;C:\Program Files\Java\jdk1.8.0_25\bin;C:\Users\ravinder.pannala\AppData\Local\Microsoft\WindowsApps;C:\gradle-1.12\bin;C:\Users\ravinder.pannala\AppData\Local\Programs\Git\cmd;C:\mongodb\bin;D:\CM-P\KCM\softwares\eclipse-java-photon-M5-win32-x86_64\eclipse;
USERNAME=Ravinder.Pannala
OS=Windows_NT
PROCESSOR_IDENTIFIER=Intel64 Family 6 Model 60 Stepping 3, GenuineIntel



---------------  S Y S T E M  ---------------

OS: Windows 8.1 , 64 bit Build 9600 

CPU:total 4 (4 cores per cpu, 1 threads per core) family 6 model 60 stepping 3, cmov, cx8, fxsr, mmx, sse, sse2, sse3, ssse3, sse4.1, sse4.2, popcnt, avx, avx2, aes, clmul, erms, lzcnt, tsc, tscinvbit, bmi1, bmi2

Memory: 4k page, physical 8294580k(2247324k free), swap 19304628k(8490448k free)

vm_info: Java HotSpot(TM) 64-Bit Server VM (25.25-b02) for windows-amd64 JRE (1.8.0_25-b18), built on Oct  7 2014 14:25:37 by "java_re" with MS VC++ 10.0 (VS2010)

time: Fri Jun 08 16:53:51 2018
elapsed time: 461 seconds (0d 0h 7m 41s)

